[RUN #0 10 100]
-149 -552 -642 134 -445 -937 754 254 711 -793
619 872 721 -766 874 -182 -138 -911 -293 -35
-932 697 -910 -509 -697 -781 -210 157 824 239
-93 -463 420 416 919 976 -67 -144 62 -806
-533 -199 -490 977 77 232 281 -573 -275 934
-476 907 -579 -228 807 295 487 461 717 545
526 720 777 -436 -653 825 -16 161 -206 -237
820 -227 850 -303 -590 -269 -498 -34 -470 89
426 -26 -994 35 -426 -531 411 -986 -765 982
-236 -665 -442 -469 486 737 46 497 760 901
-709 767 -182 71 502 -770 -327 382 124 -682
831 311 -211 330 980 539 -234 -652 -299 981
-490 -278 966 -314 561 -743 262 881 -882 -483
-565 -649 -377 106 901 668 630 667 -738 97
886 86 384 -624 533 972 -555 -826 -61 -193
-293 -883 -574 854 -795 364 228 106 -195 118
217 238 -258 40 -229 323 -720 177 590 -315
-274 994 -793 -612 -620 20 484 540 -536 -96
386 159 485 364 105 -828 906 848 -456 868
753 -981 -257 130 -572 -375 -428 -739 784 -797
13 -803 466 -91 738 958 379 105 -393 262
212 168 104 -149 897 64 -641 167 -725 61
733 -994 891 602 -359 4 533 -893 367 -891
142 -514 929 942 839 -443 889 72 868 -493
776 -373 -873 555 -607 698 472 115 -361 202
820 -664 -284 -865 -989 334 -454 117 -260 189
-792 -843 300 127 -772 324 803 -313 -778 929
575 -244 -908 141 -312 571 -606 468 -193 119
177 -321 -233 -600 743 -922 -914 523 141 -552
-485 -780 631 -690 224 210 -860 -21 -393 -816
767 -863 935 266 989 632 -741 -934 -625 913
956 -718 -890 -85 739 467 -909 926 -668 -891
860 -994 -651 949 916 -896 -483 96 484 277
-784 -316 939 742 950 362 86 -953 -559 114
806 141 -891 -825 -881 516 833 -749 270 431
-373 -238 -506 -338 -222 448 -922 820 -737 -904
-529 -679 393 -403 -443 41 -603 -771 -467 415
115 -330 -605 -214 941 -999 658 -104 -328 -73
938 572 -650 -577 356 767 -463 -203 -906 -222
-594 -628 835 -805 -89 -693 933 178 -272 768
-323 194 -956 -874 608 720 34 33 -642 -959
2 -732 -97 -642 -517 789 -393 184 -839 -864
669 789 -228 -28 12 177 813 536 958 -402
60 696 508 -222 -463 -309 -799 -731 919 -127
-489 -501 330 -665 872 357 516 -353 99 -895
-198 8 -552 -927 -500 -681 264 -861 62 -218
517 -270 -838 -709 574 430 -685 -126 224 756
212 -408 -191 684 118 -167 -84 -611 535 208
220 -629 -360 -221 264 301 -875 111 -778 381
-362 -554 495 -454 -925 293 392 47 700 872
-56 -259 -416 -141 -386 780 -655 644 -402 460
-797 353 -111 187 350 571 -848 230 139 995
344 -346 -491 675 -984 -649 276 -954 200 -606
[RUN #1 100 100]
440 816 645 -749 405 562 345 -697 -368 -562 -389 614 -310 -744 817 87 -402 977 186 -358 482 657 -467 955 213 -920 -112 -334 -991 -9 -185 -984 -72 607 -190 299 -515 -37 -173 185 386 80 789 -343 -931 -148 125 755 -59 -438 -937 -452 -16 104 618 -563 866 248 950 587 -379 639 -734 -232 411 -24 -1 -349 -303 267 144 861 644 653 -330 684 970 -663 689 -640 529 -479 937 -58 204 862 -481 -969 218 -165 -761 -104 359 -268 -574 33 171 -20 -40 312
774 -401 -785 -11 -134 455 123 -413 -955 789 525 87 599 -765 598 -275 103 -278 -924 191 947 252 963 -582 580 918 603 -952 -481 -195 -115 270 -858 537 -289 335 831 559 -771 817 872 -819 -780 -329 405 159 -846 -480 -782 589 -629 778 722 689 342 243 -659 -390 -152 209 707 52 -841 -553 -684 -18 192 215 878 -203 651 -232 182 484 851 -326 -302 697 -35 368 -647 -813 59 304 -449 533 79 0 -457 273 -931 485 848 -523 524 976 -207 -928 266 -652
938 -9 -939 -10 -765 817 -736 286 332 -920 -482 964 -936 407 -290 328 327 -704 -565 -461 -270 -185 -545 -589 -687 -525 -88 -656 -574 -677 -871 694 552 267 697 901 685 -616 180 -552 -924 998 -749 510 -953 251 -527 108 396 137 -274 771 316 -567 -553 647 -622 683 761 -751 850 -490 -730 -828 -60 -246 -105 -192 -314 -368 151 632 364 855 139 -174 -562 -1000 387 -666 535 -759 -123 -222 -295 -28 -302 -225 417 -249 798 -203 957 -466 662 -317 511 -155 516 -367
[RUN #2 500 100]
-701 986 -270 -615 -796 -149 -852 -819 359 17 -599 303 12 -883 -797 507 -755 -538 59 656 -345 269 134 -7 196 -356 608 230 -569 -229 -989 285 144 -636 -493 301 -975 -514 -215 599 -163 97 770 526 457 -523 -609 -794 -660 -748 549 -346 707 -968 -256 -86 -383 319 753 460 -486 865 -298 820 528 784 765 957 -821 -560 950 -224 -516 -317 613 981 -449 -688 -308 -487 223 983 193 -336 -686 953 -52 -413 -722 -644 95 -262 800 742 674 227 -583 -784 -334 -545 -712 947 -332 162 481 200 426 275 -129 -770 577 -252 -127 -814 -638 -768 990 -761 717 -445 -694 -91 -578 -368 933 156 398 -491 -568 -807 421 825 63 -888 -908 -986 634 -181 205 -808 -924 631 -851 775 -965 -44 -200 930 214 666 539 -369 -716 -510 114 -440 598 659 326 -122 -969 -614 -1000 -951 -403 -126 946 676 -865 -649 -108 675 541 -734 456 -700 -111 -141 655 485 204 -244 -283 752 -84 282 -81 -766 450 119 197 618 -598 -779 -309 381 -832 992 812 -183 73 -485 -147 -650 -737 -414 837 952 -329 321 -396 595 244 -654 -837 -604 -18 -617 -917 85 331 306 -606 261 -668 -401 -109 -753 751 -476 787 -230 722 52 -788 762 203 388 -505 611 -167 726 383 684 -173 496 830 -810 -833 780 -206 -547 -470 558 -125 449 -940 -14 195 843 527 -738 -743 -459 266 -639 810 944 -758 233 -325 66 786 715 803 170 -532 356 -281 -450 -773 -747 -320 -874 76 819 -258 -57 -27 369 -277 -879 482 -817 -388 -802 23 -130 -769 690 363 -73 -101 -646 354 824 940 758 353 -839 -896 -484 -949 -849 -191 151 -872 37 424 143 -866 -702 697 686 -838 605 -720 242 -409 241 338 556 -961 -447 309 -433 -351 -665 -957 834 -32 141 -757 -804 432 364 -389 653 736 988 -616 -136 890 -775 -186 -557 798 797 489 692 -306 -869 506 741 695 142 581 836 3 -98 -687 614 -48 -771 -543 -673 273 251 -576 -959 -793 343 519 -175 783 -934 -836 427 -110 609 -312 887 -927 -623 -675 664 -561 413 48 115 111 -625 523 89 -315 877 -582 263 125 -442 -890 748 314 234 422 -146 -318 -66 387 -219 -235 761 -907 336 53 -710 512 10 -667 438 350 194 471 -72 184 318 718 28 -565 -605 -398 -806 816 -456 976 839 157 -461 358 668 82 -339 968 -652 411 467 452 -900 445 380 719 -579 502 566 714 57 277 -87 -425 -47 900 -92 781 -550 683 571 60 -607 633 161 -60 706 -95 -645 153 -624 -554 -637 -280 286 491 601 403 -497 936 -536 -416 846 -132 212
420 -414 -102 538 -755 934 801 14 -322 977 -223 -101 -907 -23 26 804 304 156 193 -874 463 -554 -65 -734 498 630 -626 951 -121 -85 942 61 -682 910 533 -817 394 -610 -668 656 226 -254 994 512 894 878 -707 -269 -374 -532 939 509 593 -890 -496 -946 610 391 667 -689 721 300 -497 -842 -340 657 194 453 885 810 -28 -84 222 -753 86 237 401 759 -638 -383 309 -493 119 -469 138 328 483 339 859 -420 622 912 922 -986 995 -860 -218 687 789 -765 770 981 -305 -352 451 -404 -657 374 -839 9 -898 -79 -541 800 -969 302 -299 -370 419 794 -26 778 849 -443 904 -816 -156 -353 -624 -955 -154 -717 650 -970 134 20 826 -500 121 993 114 -893 -670 627 -209 268 264 -323 -241 278 -528 -13 -336 448 969 -177 -965 -332 890 -480 829 -96 -231 55 765 53 -573 -378 443 -964 231 120 -214 22 -832 229 164 72 384 762 -208 -982 -747 349 128 -549 432 -757 4 931 -448 -584 -594 162 -123 911 200 426 -294 -375 -105 -512 107 217 -889 484 167 -202 -133 -87 -174 -536 41 513 46 -237 601 -487 60 -758 674 -416 395 -692 -861 367 -58 629 -887 -491 6 936 -864 -194 228 325 44 -962 -567 510 585 -331 -999 526 -464 -658 545 908 -925 -166 370 -198 115 283 219 532 -386 -912 -455 431 24 -736 -651 -118 662 -705 -261 -201 -252 -947 345 805 848 -5 854 838 -695 372 135 -845 824 640 -545 -628 806 -187 232 412 -935 -537 842 -559 -288 549 206 749 -300 729 52 -489 574 -394 -548 -792 505 -729 917 113 493 -235 -577 874 523 -920 937 -879 642 -215 -109 -823 616 -178 -255 360 -403 359 -967 479 944 975 -193 137 -240 13 -653 -175 822 181 456 605 -686 146 818 692 74 -266 323 28 -926 111 -22 -27 457 -275 239 130 -867 880 -973 -884 335 -905 -928 -367 461 -16 -131 508 -687 282 797 318 -379 247 -576 170 -421 673 155 -812 -277 -802 -834 -465 -69 -335 142 373 460 -937 -763 -243 691 485 16 -540 -995 954 -882 -518 99 757 -553 -524 897 303 326 -8 -467 -78 499 90 -950 816 -578 705 -476 -614 56 -542 -463 25 550 253 828 783 808 37 -73 -483 682 518 -716 -933 -88 -813 -720 -160 851 -341 -438 -425 -4 260 -585 -968 205 27 108 -674 -971 100 -71 -339 -825 473 -229 -608 482 -535 717 -440 -499 -650 519 858 876 366 -530 556 -547 -387 711 -119 225 872 -89 321 -43 -33 141 43 -911 -785 -362 957 272 846 -409 -307 844 -706 358 -659 -164 -606 -413 -625 -308 595
-986 303 -965 -114 -619 -224 -914 -607 -379 547 743 -371 -478 156 -654 686 332 -628 -964 -24 577 -832 768 -637 429 -984 304 -238 -587 267 -886 474 123 240 -321 -174 -855 -520 -866 705 -847 -282 -969 -507 -608 -412 977 -203 428 -735 596 672 -413 183 -325 -586 622 -108 -190 -153 235 251 364 256 -290 -323 826 969 238 425 -305 -584 485 436 -40 -189 964 869 834 463 -301 -874 916 -531 353 -387 -862 660 767 882 -757 -158 469 85 174 -537 -536 554 -44 717 209 410 160 -69 -38 -926 434 842 561 653 -515 -474 -480 -738 229 -777 -48 -391 113 -635 -997 560 836 -513 -797 -193 -35 480 -713 -893 -499 -101 -127 27 -610 328 284 -247 168 -758 680 439 180 407 -456 198 -104 218 839 760 -529 -931 739 -330 -308 423 -829 504 -236 800 -425 -207 -781 -306 -539 107 -21 -774 587 -405 345 555 -565 -230 -825 -257 -727 535 -975 -116 -569 -455 172 -50 -597 10 -504 -296 58 588 -711 -235 601 -631 -213 -920 477 344 -517 759 -927 -386 -545 458 -291 122 398 -488 -714 -684 -131 -674 654 146 -702 -828 -9 644 65 -553 590 715 692 169 860 528 963 393 433 -934 -186 -102 -837 -988 -916 -511 -656 396 100 779 726 -368 145 493 478 720 -925 937 46 -191 -492 -573 228 -14 -134 -715 -169 -171 711 -336 981 -700 -732 -888 911 791 383 224 -23 -859 -141 -838 -262 -667 576 633 -856 -947 -854 197 716 989 -629 -66 -113 147 -771 650 821 750 -505 215 -622 558 15 166 600 751 162 -939 -558 712 670 866 698 -424 -346 -945 -699 158 87 857 874 445 438 -560 -434 804 -906 -798 -255 -550 50 -512 -875 721 -332 -640 461 -150 193 315 501 634 219 115 841 -486 337 -697 -297 -522 330 -454 5 80 -835 296 -968 381 992 521 702 -657 771 976 -112 -151 258 -795 -370 929 -352 571 -72 -381 987 -347 -105 -821 -655 -800 -356 865 387 137 161 -646 204 384 651 -649 207 -604 -310 188 530 -634 -484 -320 213 468 -67 903 -20 -263 -83 526 -242 552 9 153 -570 -350 725 -650 -117 970 908 678 708 -576 312 52 883 -152 299 -691 -99 -940 108 740 -904 380 798 936 -91 783 280 -70 -741 -528 74 443 658 132 -416 175 -421 -996 667 -414 265 -275 321 -287 617 200 -37 170 371 -281 797 110 217 82 612 -349 339 -766 575 -944 995 -322 -501 482 606 -850 -623 289 757 509 212 -168 -669 901 728 -458 -253 -883 -419 -489 -677 855 349 -54 996 173 356 514 934 -643 279 500 -307 -552 -734 -743 799 -31
591 -710 -370 13 -664 -156 435 424 440 -211 971 234 -457 664 -193 138 -930 -946 -24 -469 -35 -805 537 592 -638 -375 -447 266 505 414 260 -399 -392 -614 -817 752 -986 579 -958 -279 604 -952 -200 716 -179 793 -733 -222 639 188 -717 907 343 -101 -611 -333 -9 931 678 -605 973 168 -256 -678 7 -168 235 386 346 -335 -155 707 50 64 -523 828 -553 -382 659 -735 -71 118 378 -668 759 889 44 411 43 292 -941 -567 -394 701 798 -181 365 442 -177 184 -85 -312 -474 826 -234 849 809 -842 132 219 214 412 -808 -408 -780 -246 111 535 -944 34 -945 -426 300 711 -453 22 -176 -815 -364 -672 88 291 349 -571 -661 16 97 96 -416 456 832 -328 -509 570 -532 -262 888 -254 -287 -985 807 -320 303 532 -515 -728 -811 3 220 40 -745 -778 686 -25 777 198 -489 833 305 -456 116 -127 -386 90 870 671 789 -350 -589 101 -772 -271 875 491 -253 734 -87 181 905 -513 724 -833 -381 663 496 -458 66 148 270 -146 -163 653 48 911 -94 -267 850 508 470 197 -962 232 -554 -691 41 976 -963 -966 -305 749 -765 -628 366 -455 -850 -785 904 -964 -50 310 -682 884 141 691 -925 -1 746 993 525 926 85 -133 -432 852 -660 936 670 -582 864 -75 -685 -43 57 835 715 -140 -407 -8 -742 -767 4 344 320 742 -841 62 964 140 384 476 -316 -541 -623 -959 -973 -247 -172 -734 607 -255 961 623 -136 -482 -258 -648 -2 253 878 595 399 -359 841 121 -298 -239 -776 813 194 -625 207 -36 185 77 -167 395 318 687 545 -293 989 -599 -228 -336 265 502 -240 -519 -341 -603 469 919 714 -361 -506 475 464 -673 -844 392 372 -122 -522 149 -702 -412 -398 754 307 60 611 -44 736 -907 -468 239 616 -656 -995 528 -14 -17 -21 -317 -774 534 -754 -988 -96 -658 737 944 684 115 53 347 -526 24 -752 567 302 -860 -309 381 172 996 473 279 689 779 311 -595 -153 -52 439 457 356 242 937 -31 -824 959 163 -663 33 193 -893 609 -362 -81 122 -861 -777 -76 -42 -709 -857 700 -460 876 316 226 558 871 -360 -443 314 -838 134 515 373 -192 340 -206 -837 -20 155 661 129 -855 -353 679 128 330 315 6 -736 222 831 461 531 744 755 -391 -307 867 -909 -642 -577 -38 865 643 422 587 213 -49 -987 391 74 -508 861 -300 915 -528 -26 605 299 195 224 -430 984 -639 -318 -775 -706 804 428 -105 941 -888 -637 -132 869 -418 -514 -61 -41 596 628 -91 812 693 -139 -434 -438 796 950 -960 -687 -688
916 13 111 -702 518 -987 -569 -252 -376 -321 -618 665 676 837 744 419 37 -308 686 513 -377 -486 543 -448 187 -61 642 976 227 631 641 -957 781 -573 383 719 -805 835 99 -784 -512 995 658 -751 -525 500 473 493 321 -870 -70 739 628 -187 317 -469 -990 128 -923 336 950 871 -873 -741 138 -866 409 -298 -572 -415 -485 529 -711 450 -268 -906 -305 -653 434 736 403 621 -527 33 -277 375 -590 392 -371 328 -890 -755 893 -495 -840 -868 -785 -156 179 -203 -976 173 262 694 -410 697 711 -946 -340 870 679 -954 -310 -345 -235 -438 -456 369 58 96 -736 277 771 395 196 902 -606 103 -695 -101 476 -135 -734 -530 -343 709 -208 613 660 139 -944 -449 281 985 561 632 861 -159 154 398 455 293 -483 720 726 -462 140 770 366 -931 677 -16 830 -941 -819 957 819 627 -649 -913 -668 573 -956 740 -133 273 656 -764 -141 -774 -241 -891 -472 -484 755 914 -148 -826 993 83 844 -608 -145 -771 -264 -907 49 521 -930 840 -756 -218 290 965 -136 813 203 880 -331 484 -947 314 -582 774 834 -123 948 -651 -788 -150 583 459 194 -154 650 -368 802 505 941 -460 -731 -815 868 -899 394 407 566 -516 -994 829 -564 789 565 -12 478 477 480 -922 -131 -266 874 859 -849 174 165 795 -374 166 -687 172 489 -662 -294 -524 617 64 283 340 -494 -825 353 923 787 101 -202 -405 -366 716 669 -627 298 494 -517 727 -720 482 911 -544 -658 -65 -829 863 625 -605 -358 -611 806 994 91 -220 -124 495 817 215 -918 202 368 -182 -847 -40 -803 60 219 -229 -46 -742 -342 570 -710 763 509 938 -458 413 735 27 469 843 -19 -971 -935 -24 -979 778 702 946 -336 691 638 527 146 -288 -388 -708 -659 852 -588 -191 -110 -610 913 901 943 908 -267 -744 184 -44 -104 -407 334 -171 -48 -100 305 -72 396 504 401 823 -770 -988 -36 -172 354 361 -161 630 764 -984 -303 -932 940 351 -827 639 -153 -424 -47 28 653 132 -634 -497 -68 438 -732 717 214 -140 -293 405 52 -286 -601 -712 -249 728 -468 858 670 41 -537 114 309 -647 -362 130 -451 602 -596 -311 512 73 -602 65 -692 411 216 528 32 -144 -654 921 804 -883 -28 666 -624 -753 136 131 530 177 710 558 -224 944 -253 25 -652 -896 149 -84 -978 -226 147 515 862 797 754 -4 992 385 -921 437 590 426 952 -337 -425 511 -117 -372 -763 -327 -804 550 -557 -625 367 51 -800 -752 -433 839 854 -309 673 633 681 -737 295 -138 -25 -603 428 -420 969 -390
[RUN #3 50 100]
-19 -109 -176 320 -598 -79 -339 -815 -914 -915 305 42 166 646 284 -324 215 -938 -488 -731 519 -862 -363 655 -518 854 694 65 -223 641 -853 -404 -552 -666 -292 925 -437 -468 46 424 -74 341 -328 733 83 -422 59 -509 -883 36
30 96 -873 535 -589 1 548 419 550 116 -309 -147 -389 122 724 134 -767 -979 610 193 683 393 -275 846 -317 986 -916 -813 663 -614 910 -330 427 296 371 -218 -367 897 247 953 808 -141 -130 531 -980 217 861 212 524 792
-945 41 -169 -582 729 256 9 -669 -572 -342 160 498 368 -821 -82 297 -9 -770 534 895 -591 -565 3 -940 980 319 -684 -790 -905 309 -848 373 267 -501 999 31 -191 -799 107 467 -275 581 -721 -597 -224 -558 945 908 -524 -59
[RUN #4 15 100]
-939 746 587 -556 -339 305 -584 90 -619 487 -368 785 377 621 926
92 -519 -158 976 -889 260 549 126 508 -385 758 -368 -227 408 907
296 -943 -373 -561 -816 77 -261 920 -806 214 725 303 467 -926 -706
231 800 883 991 829 -279 -95 723 583 593 -779 471 305 825 -466
-486 -538 317 -945 794 -865 825 -929 867 -422 923 786 32 108 -361
223 -643 -481 551 251 -175 99 207 845 877 -74 911 295 950 -277
[RUN #5 14 100]
-537 135 -177 -113 -168 -795 198 341 596 -91 51 -551 969 671
-877 -829 -256 611 -481 82 -615 -29 -586 7 118 982 -144 -622
-420 -200 273 -324 -105 363 -268 745 -91 895 181 -945 -459 471
949 484 -560 -295 164 -100 413 637 -732 317 -464 729 -11 -984
[RUN #6 15 100]
-57 626 -177 414 -539 -312 110 896 59 814 97 -797 -834 -249 480
-984 545 965 931 872 -7 274 131 -807 -751 28 882 -486 35 -693
-810 173 753 791 -524 482 0 -251 121 468 233 284 -346 -632 25
-941 -88 907 297 694 -159 -407 571 882 -971 -929 934 819 714 -115
[RUN #7 15 100]
806 -440 -320 -837 -931 -421 -449 660 862 -785 878 -280 -512 265 -155
-580 935 -444 -740 -304 399 832 -746 782 -970 -601 -203 392 726 40
447 312 944 832 -620 -723 -804 -448 -570 592 -605 270 -352 -700 -686
516 -622 -827 -531 114 -33 -230 918 -865 180 666 912 -762 255 -104
-16 -206 -189 -660 584 -519 720 -87 71 528 -875 -234 43 -719 197
885 -57 217 -625 489 716 -943 503 989 -212 623 -534 220 -311 730
[RUN #8 50 100]
371 843 945 -60 -813 -585 264 674 -16 -283 646 -210 -3 123 847 -46 -29 896 763 57 485 -484 729 243 -290 587 824 -678 -926 -927 318 -825 -295 -609 -297 -874 703 96 317 -766 -619 776 -981 980 -782 -203 -544 -798 -133 528
-749 -633 -362 420 -436 90 298 -510 -747 -672 557 845 -615 -1 16 495 533 -990 978 -651 436 254 -812 -536 245 87 746 -838 -8 914 -379 702 -531 837 512 -385 321 595 965 747 -485 603 950 167 192 -142 -636 -53 380 614
-637 -999 793 -947 521 307 -771 -289 -466 163 -479 -413 99 -647 636 16 984 -370 776 891 -950 668 -199 789 -614 514 -280 -960 -498 990 -851 215 383 970 -206 946 -14 -983 -342 -190 -539 595 812 -903 698 106 -21 117 497 -225
746 815 470 198 -134 782 107 -210 -111 -97 -681 -17 147 662 567 -304 404 -883 -317 115 -93 -76 -828 -951 202 -349 913 -804 747 320 -933 166 846 -846 -24 -559 -121 610 863 -348 -268 854 -160 -79 190 -982 -659 997 693 716
591 276 261 609 -601 -887 315 907 -417 253 -31 586 -851 -5 268 -566 -594 614 760 -513 671 478 -344 993 0 639 -394 277 -473 -345 588 91 -854 38 -171 900 -301 962 735 -186 -409 -296 -875 40 -454 -262 692 -244 -116 501
-672 -309 -182 513 30 530 665 233 989 340 289 -439 592 587 537 372 870 124 -997 -137 244 -805 -841 -116 -134 795 560 118 670 467 -364 266 290 -545 640 -905 847 -388 482 -232 -6 -236 826 943 -175 -190 975 -272 -3 740
-896 487 817 -359 569 -534 -742 488 -854 942 -297 -915 -985 461 992 -123 510 784 -453 -844 849 -588 266 -638 606 -243 534 333 -734 -800 159 999 -412 923 319 252 400 972 278 -745 -468 444 415 -597 981 797 -413 756 -97 -228
493 379 -387 -562 799 -872 145 -794 33 -659 483 -528 -487 584 -9 397 520 -978 -301 71 -241 -723 262 -28 -195 791 451 232 43 912 -604 -305 588 -306 119 544 638 -408 327 625 432 -743 -979 -409 998 -144 -265 728 224 -640
63 152 -981 -309 -332 206 994 -616 -224 -809 634 605 211 -862 -948 422 -263 521 959 -432 -619 -129 -200 -242 678 -400 985 -756 437 -5 306 -175 24 230 -20 -34 -442 202 -298 -947 -119 -169 528 867 385 947 466 -422 921 -630
642 -906 -210 539 702 -928 -369 770 994 -24 -376 865 32 187 324 148 -724 -460 557 -731 782 -592 -140 -32 -553 -999 273 -547 763 -58 -873 581 75 -737 -359 -414 -578 47 -520 -95 -751 -49 -802 -288 866 -722 -289 -902 57 679
-226 -649 780 -728 -207 565 -871 28 -10 787 517 -790 261 -147 -254 131 752 -140 -529 -118 145 -981 -614 225 111 608 -338 -794 -908 -372 679 -954 912 802 170 -422 798 -859 -844 934 572 94 25 437 -419 866 954 415 860 843
-103 -857 -639 -711 -129 -693 -704 90 -171 877 -364 -652 -495 -959 421 -623 -733 -310 -557 148 539 -176 -453 -406 -881 -563 763 -371 664 668 -167 246 -837 -301 -824 545 305 -215 833 240 675 -846 943 -179 -104 -389 -455 164 -975 -528
145 -88 906 666 -306 376 584 -405 -711 -160 107 334 778 -924 -562 -149 616 -586 -191 645 -189 272 -222 -15 -250 185 -203 923 262 304 -806 -425 -925 -475 -550 657 222 10 862 390 -614 791 61 -768 887 -737 -701 683 395 722
220 538 -546 -741 126 -718 72 -982 -63 -395 321 -347 102 -924 -455 -497 -362 -330 -306 236 -691 360 461 -317 127 46 -955 678 -966 -621 -568 990 623 930 300 347 -577 149 -211 805 -111 -675 150 591 25 132 470 -623 -764 -990
-173 -638 -650 -247 -586 -89 -268 -129 816 -617 -619 -539 241 -131 -54 -385 -435 -670 -132 -384 -821 -853 -803 -377 517 -543 -306 -672 763 -122 310 -802 360 -725 -263 744 830 504 -376 -723 804 444 304 -710 -926 519 574 347 343 -243
117 -5 -336 976 -467 938 188 967 349 -141 450 531 280 714 556 -231 559 293 949 -742 -213 -697 482 492 -25 -451 -188 -795 -408 -606 240 562 673 -424 -555 639 480 -523 -359 829 -642 254 -581 -440 346 -205 -578 510 119 903
[RUN #9 500 100]
-37 176 671 334 -620 793 773 -542 37 -690 -529 -293 -421 686 515 284 213 -584 -119 716 122 98 45 -583 444 753 623 -109 -246 228 -266 374 871 -878 350 47 112 -9 59 41 -65 -544 937 -175 330 441 -367 -252 40 364 -728 381 807 100 -742 368 887 -925 294 -743 -2 -286 -94 679 -257 -179 -679 -320 978 577 -137 -767 -463 -818 -82 -935 -670 715 -783 379 -618 -68 -684 576 558 140 414 -831 -426 550 -995 -528 -433 615 -324 -971 531 -7 -493 -894 -922 307 -4 -33 -740 195 -103 965 -100 366 -353 82 -942 -733 463 372 -814 452 -917 276 -366 726 633 -337 363 516 644 -821 901 -52 -91 -607 614 28 -930 -848 -882 288 -598 950 -131 -924 299 537 -375 -310 987 -344 -527 721 -629 -404 898 -418 -603 732 557 677 -189 998 -809 114 -405 -26 116 -245 951 -115 239 -715 -727 129 -140 301 -209 896 -881 138 769 30 598 -20 319 748 -60 777 6 968 46 -336 -46 -356 286 436 -168 -747 -550 202 752 -435 -920 320 -695 -776 -571 -462 -403 667 -17 402 744 -623 -459 757 -288 822 539 367 -489 -902 292 -531 215 308 -503 -25 -897 674 -138 471 137 -457 -298 420 -796 238 544 -575 798 -754 -134 563 -88 -330 58 890 -21 -183 267 491 -813 229 64 -74 835 357 27 -387 277 -774 248 706 603 244 300 518 -265 782 -155 335 972 565 795 -530 -659 728 -126 -81 -913 697 -374 -6 954 -44 -600 -998 89 -895 -855 751 856 708 -962 682 -655 702 -952 522 -712 806 -108 -763 209 -746 120 -786 257 -132 783 -523 203 497 -721 -946 44 -664 -282 601 630 -875 -834 75 -172 997 -64 445 423 342 -35 860 33 166 984 -231 639 109 151 234 -445 746 -581 315 206 787 -756 597 -158 568 378 -982 153 -355 699 -448 867 -641 845 -316 -514 -990 903 670 38 -953 413 -242 425 -504 849 304 -532 771 569 36 701 545 196 -243 462 864 42 902 253 -769 -471 -707 240 529 -688 -827 900 336 63 -625 -50 281 457 326 -343 -55 -601 858 512 -235 62 -992 -966 -615 -705 821 -784 863 662 -954 -441 -797 775 -852 540 -573 -869 -346 824 214 589 143 -887 582 -332 3 -579 -833 -533 -487 390 227 258 -204 -174 788 -160 -537 -758 142 996 -1000 -722 92 855 949 -905 -673 150 -793 859 -708 842 303 -222 -190 -510 -541 593 833 263 -842 -98 765 -815 486 -484 -469 659 -217 -41 -676 -651 443 -306 -678 738 -363 899 -389 130 -682 -259 -710 651 -932 180 -422 388 -996 327 -230 -773 584 -564 -206
-873 -295 -631 -516 -246 96 -369 187 607 -108 282 -373 -424 -685 -922 352 427 4 -918 749 905 -713 -581 -461 675 643 -883 -434 781 863 228 -396 -265 255 -167 180 -146 -184 938 -953 -21 -949 490 714 339 788 567 771 -568 -989 -284 814 -100 -551 294 -902 95 43 -580 -341 541 102 883 -212 -755 -68 201 -753 147 -345 -17 387 419 -31 -714 22 -813 329 120 86 -678 508 206 139 407 868 -836 55 366 -895 -991 -1000 570 45 820 986 12 -826 -164 773 -190 414 -541 -355 -112 565 959 -733 -415 -302 430 -998 957 -162 -691 -168 519 573 834 876 -956 -905 -10 -532 -163 -366 -287 763 -688 394 854 -977 580 291 -888 981 -603 60 -472 -255 432 945 -651 702 129 192 927 -141 346 290 97 -698 695 758 -591 -687 -854 445 -110 553 -795 417 51 90 48 -636 -154 -173 626 -321 884 -997 -874 997 -723 -821 -639 253 -89 -498 -644 -683 556 -919 162 -155 618 99 164 -160 777 998 665 914 -253 634 549 -114 26 -519 -293 452 -462 961 923 -870 -667 -704 401 708 372 -781 -864 887 -926 -71 -81 -931 175 912 -512 367 -705 -410 -772 797 75 492 890 -508 -328 275 -665 -835 -896 353 413 664 -553 -249 776 -773 434 869 -266 497 953 -23 -371 431 -545 880 -244 -349 -435 50 358 -378 -518 735 28 790 603 898 -207 -444 -999 -38 -252 -675 -97 -102 -880 821 -119 -546 678 -944 -542 969 137 691 -875 -401 605 234 66 -533 717 -441 811 -889 -300 -24 326 35 182 575 948 -28 246 -972 964 -6 402 20 -695 604 -26 663 -525 -219 729 298 -563 -156 457 722 -798 322 59 442 324 -58 954 88 181 572 792 515 486 391 -87 62 866 941 -571 -909 -179 -43 6 740 -82 -318 32 593 827 46 -438 -663 -217 -268 -27 924 -534 420 -398 -286 -616 403 421 -457 418 167 -158 -299 310 -800 -352 229 589 463 -699 902 323 383 -36 830 704 498 950 -654 652 448 -664 -562 93 522 530 -198 495 317 -140 -550 -830 -650 -662 -180 -506 -885 835 -283 982 -638 810 -428 -974 929 454 475 -165 -11 -748 -841 -423 -57 476 110 355 -429 -929 -879 -505 -330 -220 640 -171 -372 -74 -526 647 856 -451 487 107 582 569 -823 64 -186 705 -641 696 -159 967 600 -619 918 -515 727 -46 -834 -847 -576 -189 507 -898 -200 -383 171 -746 639 39 195 -868 -459 336 -649 30 624 782 285 -776 -966 677 -213 -123 521 -414 -647 673 368 -657 -247 -719 342 321 -445 209 689 631 789 -721 613 775 -707 -809 529 -911 -605
[RUN #10 100 100]
75 764 -259 736 -950 -769 -275 -325 799 -355 415 724 -3 430 -636 -846 279 -755 -686 -632 208 822 228 -787 -582 705 -998 515 -180 520 -829 346 -910 790 -117 552 -903 -813 -931 -322 -393 943 -732 626 850 865 -509 975 148 -699 281 -402 792 86 122 205 -653 806 893 41 -932 504 -93 766 224 -802 31 -654 -961 647 -205 -249 740 -468 76 -929 -860 -532 882 596 826 169 -260 -538 -973 232 347 149 -131 -531 445 -193 -766 183 293 -485 -98 -60 328 -153
-768 222 553 193 -667 397 -161 248 483 99 35 -903 -34 785 904 665 458 -849 -841 217 -8 -124 124 -345 528 620 -624 -179 -590 -905 -947 -979 -178 -986 714 663 -710 554 -553 972 -881 -998 340 578 939 -661 -857 -281 -374 -458 -723 -634 315 -696 258 -790 835 -770 876 -824 738 150 595 -275 -160 -731 770 -35 430 155 -811 -726 694 -377 524 -753 28 184 760 50 -643 872 862 905 354 36 -759 395 103 630 18 330 -342 160 29 959 209 816 -861 -977
348 330 -55 113 -391 -21 -496 533 -842 497 -56 -802 -419 -588 -187 -675 485 10 -25 -18 517 -452 573 866 186 645 569 260 -567 -57 165 689 710 596 -210 -61 -371 -458 212 160 82 904 -796 429 -903 -548 329 191 324 171 -549 556 254 -128 44 -831 -95 -502 528 215 -828 -85 -528 690 -331 440 -342 -964 472 55 -864 325 -377 339 -628 -350 616 -771 633 673 -623 -505 -9 370 301 -644 -131 726 -5 834 600 202 21 253 783 929 -448 549 -96 386
-227 -886 600 631 -241 -864 -190 628 -627 893 582 966 -93 -466 548 -440 -385 -820 846 956 740 -884 824 -481 361 -611 -573 -629 -274 143 669 45 -707 -613 -984 161 197 -881 -29 -728 -691 705 -98 -226 561 855 -204 -812 395 -321 315 331 805 -714 112 -928 276 691 374 808 993 504 -962 -851 -310 698 -506 -368 796 -483 517 -200 861 16 325 -342 -191 175 -427 890 -936 240 696 408 440 163 494 -225 227 -526 -622 743 322 -885 -790 909 -144 -378 173 422
895 679 -116 362 -655 456 -275 -742 -402 665 -942 -166 164 -990 -900 -235 -106 478 453 482 63 893 -737 -61 142 -341 438 845 930 215 51 -159 912 -295 485 -677 -110 -163 216 -485 -945 853 208 -438 -492 -454 -771 45 -729 -768 768 675 573 147 -714 -164 613 830 -610 -495 721 -992 -112 545 670 824 302 776 -642 75 -336 -984 -757 825 -91 352 -451 -740 822 473 347 -271 -53 844 -102 24 57 -162 364 539 -858 854 -403 -436 -196 -274 -661 -115 -160 144
-952 768 -979 -597 727 -949 -591 875 640 258 667 140 483 -490 -66 -196 -195 33 849 992 -259 953 757 -90 553 -598 -782 935 -814 450 958 -672 908 -873 -980 -357 -334 -98 192 -486 200 801 362 -520 158 -159 -280 261 626 -265 -244 -376 309 797 755 -973 851 -215 -787 927 -282 784 407 -869 -721 762 -364 116 179 -606 968 -536 894 -937 765 548 902 -267 -580 387 0 -709 255 -471 475 205 280 191 -908 521 -326 -341 498 -30 -733 847 -358 -583 884 -738
620 643 -93 -839 -690 -443 -460 622 410 -765 30 239 -47 -194 3 -657 965 316 -46 919 -70 -448 873 -132 852 177 -910 57 -881 993 269 -659 -809 50 -770 -27 927 -792 -782 469 962 19 -486 -368 155 282 123 -544 -903 -742 188 215 252 882 351 -264 883 -655 698 749 -245 -22 929 -416 -225 -375 -861 745 817 68 -721 -459 -470 -51 -148 957 -556 888 98 511 -9 -923 -341 582 -88 131 -381 -912 222 623 741 -602 -247 151 -942 -988 334 -877 116 -767
-808 -371 -178 384 237 254 -498 -688 218 899 -366 -430 -700 846 324 765 -687 554 -499 -970 185 140 527 589 -132 238 -21 357 872 838 248 -253 -513 -473 -259 64 861 828 -545 718 975 621 224 -998 513 -751 705 105 -891 -326 -477 -501 -750 435 -103 -152 139 363 -102 -93 995 395 -332 -951 89 -766 -20 885 -493 -222 -684 86 -675 -741 -376 633 -446 -270 128 -550 671 450 -170 -292 148 -873 789 364 820 340 556 -70 514 -730 751 208 966 881 420 964
232 564 -62 -410 -826 733 491 -177 -11 -402 -233 -672 -199 156 313 -381 861 -611 -478 488 862 -359 -853 778 -874 30 327 -203 -300 -288 366 397 -971 880 -734 -460 961 544 736 251 655 -781 949 -285 329 60 -617 -600 -316 24 -825 -624 343 -567 -30 -642 226 591 371 938 -608 945 486 633 231 101 719 -209 953 -752 392 801 -13 -652 650 414 423 -397 922 -342 -211 -476 907 86 139 -76 906 797 -422 -936 309 133 959 -804 905 -808 954 -539 -993 370
-406 326 499 -300 -786 -911 755 -331 808 -852 -87 386 239 -892 -444 -807 -143 -665 -758 -329 148 -973 -317 859 -563 -7 0 -396 -643 310 379 514 845 -806 913 372 -768 -747 676 429 920 358 -725 125 448 132 309 264 -558 -429 157 24 -812 568 -672 -695 -489 -667 72 -752 -777 -183 232 555 -88 802 -664 710 918 -910 979 -248 566 -347 -254 992 408 42 562 -971 -391 -398 -592 550 -193 384 -576 952 -724 -137 -977 -616 325 128 -917 -166 690 359 603 897
-566 -917 669 -317 -912 -673 95 -983 5 -220 -546 703 253 -231 620 560 -705 636 -667 863 -563 870 727 -38 -688 556 -7 -809 -596 -865 476 -694 -496 768 -424 527 -684 -718 -957 87 639 -661 -280 -286 -799 -972 -572 -716 635 -191 577 -511 -178 385 -668 680 -813 718 254 -146 -198 -478 77 901 -670 -256 -235 -706 815 74 -927 538 339 48 -978 215 -229 -858 750 -352 778 351 194 609 -470 -993 -447 -332 598 414 -893 126 -845 -94 183 -981 -208 99 43 487
-740 995 -23 -220 996 402 -153 785 -584 123 810 407 871 385 -558 71 931 -472 -954 -368 186 -480 567 -43 199 966 -525 870 185 211 963 597 -475 829 998 -590 533 771 -578 -443 73 25 956 744 -825 450 -182 -676 7 -186 -217 -131 -493 703 -750 957 -753 648 651 -747 -50 633 -802 -169 -329 688 -219 -363 630 -49 -252 489 603 485 455 -765 -501 133 -420 -965 709 -489 487 182 814 268 313 731 830 762 416 -176 82 335 -138 -673 929 776 420 -320
-304 -472 540 -760 -732 -441 326 784 -213 86 623 941 225 224 419 176 187 0 359 955 -630 919 74 -239 -821 -541 282 -675 791 351 813 726 -463 -684 -123 73 41 -985 781 488 -700 -15 -819 -259 490 986 608 11 855 -972 609 -898 911 506 811 922 537 168 -632 75 -59 968 89 -359 888 652 -836 395 899 549 22 229 -754 -651 283 114 703 28 49 728 349 -358 889 -412 -624 -367 166 980 382 233 210 -303 -321 604 201 -231 517 600 -134 532
694 376 283 -164 -631 626 -5 316 -709 600 -250 675 161 31 -345 -449 -319 671 -65 95 -700 -551 527 -497 -447 697 629 853 -766 -171 -520 -794 -203 -910 -646 -744 -216 113 -197 299 757 586 590 -285 -976 -198 141 513 -894 -507 -116 164 810 284 603 -210 -484 924 309 787 -892 -528 -588 -399 471 310 -884 -382 119 -784 -587 -165 986 -487 745 -625 149 176 -762 -124 292 761 577 -341 351 -791 -718 -568 507 -369 752 -49 320 53 180 -190 -311 765 14 821
